{"contracts\\Lottery.sol":{"l":{"76":3,"77":3,"78":3,"79":3,"80":3,"81":3,"82":3,"83":3,"88":10,"89":1,"91":9,"92":1,"94":8,"95":8,"116":9,"117":9,"118":9,"119":9,"120":9,"127":5,"128":5,"129":1,"135":4,"136":4,"143":4,"150":0,"151":0,"152":0,"153":0,"154":0,"155":0,"156":0,"157":0,"158":0,"160":0,"165":12,"169":1,"173":3,"177":0,"181":0,"185":0,"189":0,"193":0,"197":13},"path":"C:\\Users\\Sean\\Hardhat-SmartContract-Lottery-WorkPc\\contracts\\Lottery.sol","s":{"1":10,"2":9,"3":8,"4":8,"5":9,"6":9,"7":9,"8":9,"9":5,"10":5,"11":4,"12":4,"13":0,"14":0,"15":0,"16":0,"17":0,"18":12,"19":1,"20":3,"21":0,"22":0,"23":0,"24":0,"25":0,"26":13},"b":{"1":[1,9],"2":[1,8],"3":[1,4],"4":[0,0]},"f":{"1":3,"2":10,"3":9,"4":5,"5":0,"6":12,"7":1,"8":3,"9":0,"10":0,"11":0,"12":0,"13":0,"14":13},"fnMap":{"1":{"name":"constructor","line":75,"loc":{"start":{"line":68,"column":2},"end":{"line":84,"column":2}}},"2":{"name":"enterRaffle","line":86,"loc":{"start":{"line":86,"column":2},"end":{"line":97,"column":2}}},"3":{"name":"checkUpkeep","line":109,"loc":{"start":{"line":109,"column":2},"end":{"line":121,"column":2}}},"4":{"name":"performUpkeep","line":123,"loc":{"start":{"line":123,"column":2},"end":{"line":144,"column":2}}},"5":{"name":"fulfillRandomWords","line":146,"loc":{"start":{"line":146,"column":2},"end":{"line":161,"column":2}}},"6":{"name":"getEnteranceFee","line":164,"loc":{"start":{"line":164,"column":2},"end":{"line":166,"column":2}}},"7":{"name":"getPlayer","line":168,"loc":{"start":{"line":168,"column":2},"end":{"line":170,"column":2}}},"8":{"name":"getRaffleState","line":172,"loc":{"start":{"line":172,"column":2},"end":{"line":174,"column":2}}},"9":{"name":"getNumWords","line":176,"loc":{"start":{"line":176,"column":2},"end":{"line":178,"column":2}}},"10":{"name":"getRecentWinner","line":180,"loc":{"start":{"line":180,"column":2},"end":{"line":182,"column":2}}},"11":{"name":"getNumberOfPlayers","line":184,"loc":{"start":{"line":184,"column":2},"end":{"line":186,"column":2}}},"12":{"name":"getLatestTimeStamp","line":188,"loc":{"start":{"line":188,"column":2},"end":{"line":190,"column":2}}},"13":{"name":"getRequestConfirmation","line":192,"loc":{"start":{"line":192,"column":2},"end":{"line":194,"column":2}}},"14":{"name":"getInterval","line":196,"loc":{"start":{"line":196,"column":2},"end":{"line":198,"column":2}}}},"statementMap":{"1":{"start":{"line":88,"column":4},"end":{"line":88,"column":3108}},"2":{"start":{"line":91,"column":4},"end":{"line":91,"column":3198}},"3":{"start":{"line":94,"column":4},"end":{"line":94,"column":46}},"4":{"start":{"line":95,"column":4},"end":{"line":95,"column":32}},"5":{"start":{"line":116,"column":4},"end":{"line":116,"column":53}},"6":{"start":{"line":117,"column":4},"end":{"line":117,"column":54}},"7":{"start":{"line":118,"column":4},"end":{"line":118,"column":71}},"8":{"start":{"line":119,"column":4},"end":{"line":119,"column":47}},"9":{"start":{"line":127,"column":4},"end":{"line":127,"column":43}},"10":{"start":{"line":128,"column":4},"end":{"line":128,"column":4597}},"11":{"start":{"line":136,"column":4},"end":{"line":136,"column":4825}},"12":{"start":{"line":143,"column":4},"end":{"line":143,"column":41}},"13":{"start":{"line":150,"column":4},"end":{"line":150,"column":69}},"14":{"start":{"line":151,"column":4},"end":{"line":151,"column":67}},"15":{"start":{"line":156,"column":4},"end":{"line":156,"column":76}},"16":{"start":{"line":157,"column":4},"end":{"line":157,"column":5568}},"17":{"start":{"line":160,"column":4},"end":{"line":160,"column":35}},"18":{"start":{"line":165,"column":4},"end":{"line":165,"column":24}},"19":{"start":{"line":169,"column":4},"end":{"line":169,"column":35}},"20":{"start":{"line":173,"column":4},"end":{"line":173,"column":24}},"21":{"start":{"line":177,"column":4},"end":{"line":177,"column":23}},"22":{"start":{"line":181,"column":4},"end":{"line":181,"column":25}},"23":{"start":{"line":185,"column":4},"end":{"line":185,"column":35}},"24":{"start":{"line":189,"column":4},"end":{"line":189,"column":26}},"25":{"start":{"line":193,"column":4},"end":{"line":193,"column":32}},"26":{"start":{"line":197,"column":4},"end":{"line":197,"column":21}}},"branchMap":{"1":{"line":88,"type":"if","locations":[{"start":{"line":88,"column":4},"end":{"line":88,"column":4}},{"start":{"line":88,"column":4},"end":{"line":88,"column":4}}]},"2":{"line":91,"type":"if","locations":[{"start":{"line":91,"column":4},"end":{"line":91,"column":4}},{"start":{"line":91,"column":4},"end":{"line":91,"column":4}}]},"3":{"line":128,"type":"if","locations":[{"start":{"line":128,"column":4},"end":{"line":128,"column":4}},{"start":{"line":128,"column":4},"end":{"line":128,"column":4}}]},"4":{"line":157,"type":"if","locations":[{"start":{"line":157,"column":4},"end":{"line":157,"column":4}},{"start":{"line":157,"column":4},"end":{"line":157,"column":4}}]}}},"contracts\\test\\vrfCoordinatorV2Mock.sol":{"l":{},"path":"C:\\Users\\Sean\\Hardhat-SmartContract-Lottery-WorkPc\\contracts\\test\\vrfCoordinatorV2Mock.sol","s":{},"b":{},"f":{},"fnMap":{},"statementMap":{},"branchMap":{}}}