TN:
SF:C:\Users\Sean\Hardhat-SmartContract-Lottery-WorkPc\contracts\Lottery.sol
FN:75,constructor
FN:86,enterRaffle
FN:109,checkUpkeep
FN:123,performUpkeep
FN:146,fulfillRandomWords
FN:164,getEnteranceFee
FN:168,getPlayer
FN:172,getRaffleState
FN:176,getNumWords
FN:180,getRecentWinner
FN:184,getNumberOfPlayers
FN:188,getLatestTimeStamp
FN:192,getRequestConfirmation
FN:196,getInterval
FNF:14
FNH:8
FNDA:3,constructor
FNDA:10,enterRaffle
FNDA:9,checkUpkeep
FNDA:5,performUpkeep
FNDA:0,fulfillRandomWords
FNDA:12,getEnteranceFee
FNDA:1,getPlayer
FNDA:3,getRaffleState
FNDA:0,getNumWords
FNDA:0,getRecentWinner
FNDA:0,getNumberOfPlayers
FNDA:0,getLatestTimeStamp
FNDA:0,getRequestConfirmation
FNDA:13,getInterval
DA:76,3
DA:77,3
DA:78,3
DA:79,3
DA:80,3
DA:81,3
DA:82,3
DA:83,3
DA:88,10
DA:89,1
DA:91,9
DA:92,1
DA:94,8
DA:95,8
DA:116,9
DA:117,9
DA:118,9
DA:119,9
DA:120,9
DA:127,5
DA:128,5
DA:129,1
DA:135,4
DA:136,4
DA:143,4
DA:150,0
DA:151,0
DA:152,0
DA:153,0
DA:154,0
DA:155,0
DA:156,0
DA:157,0
DA:158,0
DA:160,0
DA:165,12
DA:169,1
DA:173,3
DA:177,0
DA:181,0
DA:185,0
DA:189,0
DA:193,0
DA:197,13
LF:44
LH:29
BRDA:88,1,0,1
BRDA:88,1,1,9
BRDA:91,2,0,1
BRDA:91,2,1,8
BRDA:128,3,0,1
BRDA:128,3,1,4
BRDA:157,4,0,0
BRDA:157,4,1,0
BRF:8
BRH:6
end_of_record
TN:
SF:C:\Users\Sean\Hardhat-SmartContract-Lottery-WorkPc\contracts\test\vrfCoordinatorV2Mock.sol
FNF:0
FNH:0
LF:0
LH:0
BRF:0
BRH:0
end_of_record
